This is pdfTeX, Version 3.1415926-2.5-1.40.14 (TeX Live 2013) (format=pdflatex 2013.10.24)  9 JUN 2016 16:26
entering extended mode
 \write18 enabled.
 file:line:error style messages enabled.
 %&-line parsing enabled.
**dissertationmain.tex
(./dissertationmain.tex
LaTeX2e <2011/06/27>
Babel <3.9f> and hyphenation patterns for 78 languages loaded.
(./dissertation.cls
Document Class: dissertation 2016 Master Dissertation
(/usr/local/texlive/2013/texmf-dist/tex/latex/base/report.cls
Document Class: report 2007/10/19 v1.4h Standard LaTeX document class
(/usr/local/texlive/2013/texmf-dist/tex/latex/base/size12.clo
File: size12.clo 2007/10/19 v1.4h Standard LaTeX file (size option)
)
\c@part=\count79
\c@chapter=\count80
\c@section=\count81
\c@subsection=\count82
\c@subsubsection=\count83
\c@paragraph=\count84
\c@subparagraph=\count85
\c@figure=\count86
\c@table=\count87
\abovecaptionskip=\skip41
\belowcaptionskip=\skip42
\bibindent=\dimen102
)
(/usr/local/texlive/2013/texmf-dist/tex/latex/graphics/graphicx.sty
Package: graphicx 1999/02/16 v1.0f Enhanced LaTeX Graphics (DPC,SPQR)

(/usr/local/texlive/2013/texmf-dist/tex/latex/graphics/keyval.sty
Package: keyval 1999/03/16 v1.13 key=value parser (DPC)
\KV@toks@=\toks14
)
(/usr/local/texlive/2013/texmf-dist/tex/latex/graphics/graphics.sty
Package: graphics 2009/02/05 v1.0o Standard LaTeX Graphics (DPC,SPQR)

(/usr/local/texlive/2013/texmf-dist/tex/latex/graphics/trig.sty
Package: trig 1999/03/16 v1.09 sin cos tan (DPC)
)
(/usr/local/texlive/2013/texmf-dist/tex/latex/latexconfig/graphics.cfg
File: graphics.cfg 2010/04/23 v1.9 graphics configuration of TeX Live
)
Package graphics Info: Driver file: pdftex.def on input line 91.

(/usr/local/texlive/2013/texmf-dist/tex/latex/pdftex-def/pdftex.def
File: pdftex.def 2011/05/27 v0.06d Graphics/color for pdfTeX

(/usr/local/texlive/2013/texmf-dist/tex/generic/oberdiek/infwarerr.sty
Package: infwarerr 2010/04/08 v1.3 Providing info/warning/error messages (HO)
)
(/usr/local/texlive/2013/texmf-dist/tex/generic/oberdiek/ltxcmds.sty
Package: ltxcmds 2011/11/09 v1.22 LaTeX kernel commands for general use (HO)
)
\Gread@gobject=\count88
))
\Gin@req@height=\dimen103
\Gin@req@width=\dimen104
)
(/usr/local/texlive/2013/texmf-dist/tex/latex/base/ifthen.sty
Package: ifthen 2001/05/26 v1.1c Standard LaTeX ifthen package (DPC)
))
./dissertationmain.tex:2: Missing = inserted for \ifnum.
<to be read again> 
                   M
l.2 
    
I was expecting to see `<', `=', or `>'. Didn't.

./dissertationmain.tex:2: Missing number, treated as zero.
<to be read again> 
                   M
l.2 
    
A number should have been here; I inserted `0'.
(If you can't figure out why I needed to see a number,
look up `weird error' in the index to The TeXbook.)

(/usr/local/texlive/2013/texmf-dist/tex/latex/amsfonts/amssymb.sty
Package: amssymb 2013/01/14 v3.01 AMS font symbols

(/usr/local/texlive/2013/texmf-dist/tex/latex/amsfonts/amsfonts.sty
Package: amsfonts 2013/01/14 v3.01 Basic AMSFonts support
\@emptytoks=\toks15
\symAMSa=\mathgroup4
\symAMSb=\mathgroup5
LaTeX Font Info:    Overwriting math alphabet `\mathfrak' in version `bold'
(Font)                  U/euf/m/n --> U/euf/b/n on input line 106.
))
(/usr/local/texlive/2013/texmf-dist/tex/latex/natbib/natbib.sty
Package: natbib 2010/09/13 8.31b (PWD, AO)
\bibhang=\skip43
\bibsep=\skip44
LaTeX Info: Redefining \cite on input line 694.
\c@NAT@ctr=\count89
)
(/Users/noktec/Documents/Abertay_Dundee_Work/Thesis/Dissertation/.texpadtmp/dis
sertationmain.aux
(/Users/noktec/Documents/Abertay_Dundee_Work/Thesis/Dissertation/.texpadtmp/ded
ication.aux)
(/Users/noktec/Documents/Abertay_Dundee_Work/Thesis/Dissertation/.texpadtmp/ack
nowledgements.aux)
(/Users/noktec/Documents/Abertay_Dundee_Work/Thesis/Dissertation/.texpadtmp/abs
tract.aux)
(/Users/noktec/Documents/Abertay_Dundee_Work/Thesis/Dissertation/.texpadtmp/cha
pter1.aux)
(/Users/noktec/Documents/Abertay_Dundee_Work/Thesis/Dissertation/.texpadtmp/con
clusions.aux)
(/Users/noktec/Documents/Abertay_Dundee_Work/Thesis/Dissertation/.texpadtmp/app
endix1.aux))
\openout1 = `dissertationmain.aux'.

LaTeX Font Info:    Checking defaults for OML/cmm/m/it on input line 19.
LaTeX Font Info:    ... okay on input line 19.
LaTeX Font Info:    Checking defaults for T1/cmr/m/n on input line 19.
LaTeX Font Info:    ... okay on input line 19.
LaTeX Font Info:    Checking defaults for OT1/cmr/m/n on input line 19.
LaTeX Font Info:    ... okay on input line 19.
LaTeX Font Info:    Checking defaults for OMS/cmsy/m/n on input line 19.
LaTeX Font Info:    ... okay on input line 19.
LaTeX Font Info:    Checking defaults for OMX/cmex/m/n on input line 19.
LaTeX Font Info:    ... okay on input line 19.
LaTeX Font Info:    Checking defaults for U/cmr/m/n on input line 19.
LaTeX Font Info:    ... okay on input line 19.
 (/usr/local/texlive/2013/texmf-dist/tex/context/base/supp-pdf.mkii
[Loading MPS to PDF converter (version 2006.09.02).]
\scratchcounter=\count90
\scratchdimen=\dimen105
\scratchbox=\box26
\nofMPsegments=\count91
\nofMParguments=\count92
\everyMPshowfont=\toks16
\MPscratchCnt=\count93
\MPscratchDim=\dimen106
\MPnumerator=\count94
\makeMPintoPDFobject=\count95
\everyMPtoPDFconversion=\toks17
) (/usr/local/texlive/2013/texmf-dist/tex/generic/oberdiek/pdftexcmds.sty
Package: pdftexcmds 2011/11/29 v0.20 Utility functions of pdfTeX for LuaTeX (HO
)

(/usr/local/texlive/2013/texmf-dist/tex/generic/oberdiek/ifluatex.sty
Package: ifluatex 2010/03/01 v1.3 Provides the ifluatex switch (HO)
Package ifluatex Info: LuaTeX not detected.
)
(/usr/local/texlive/2013/texmf-dist/tex/generic/oberdiek/ifpdf.sty
Package: ifpdf 2011/01/30 v2.3 Provides the ifpdf switch (HO)
Package ifpdf Info: pdfTeX in PDF mode is detected.
)
Package pdftexcmds Info: LuaTeX not detected.
Package pdftexcmds Info: \pdf@primitive is available.
Package pdftexcmds Info: \pdf@ifprimitive is available.
Package pdftexcmds Info: \pdfdraftmode found.
)
(/usr/local/texlive/2013/texmf-dist/tex/latex/oberdiek/epstopdf-base.sty
Package: epstopdf-base 2010/02/09 v2.5 Base part for package epstopdf

(/usr/local/texlive/2013/texmf-dist/tex/latex/oberdiek/grfext.sty
Package: grfext 2010/08/19 v1.1 Manage graphics extensions (HO)

(/usr/local/texlive/2013/texmf-dist/tex/generic/oberdiek/kvdefinekeys.sty
Package: kvdefinekeys 2011/04/07 v1.3 Define keys (HO)
))
(/usr/local/texlive/2013/texmf-dist/tex/latex/oberdiek/kvoptions.sty
Package: kvoptions 2011/06/30 v3.11 Key value format for package options (HO)

(/usr/local/texlive/2013/texmf-dist/tex/generic/oberdiek/kvsetkeys.sty
Package: kvsetkeys 2012/04/25 v1.16 Key value parser (HO)

(/usr/local/texlive/2013/texmf-dist/tex/generic/oberdiek/etexcmds.sty
Package: etexcmds 2011/02/16 v1.5 Avoid name clashes with e-TeX commands (HO)
Package etexcmds Info: Could not find \expanded.
(etexcmds)             That can mean that you are not using pdfTeX 1.50 or
(etexcmds)             that some package has redefined \expanded.
(etexcmds)             In the latter case, load this package earlier.
)))
Package grfext Info: Graphics extension search list:
(grfext)             [.png,.pdf,.jpg,.mps,.jpeg,.jbig2,.jb2,.PNG,.PDF,.JPG,.JPE
G,.JBIG2,.JB2,.eps]
(grfext)             \AppendGraphicsExtensions on input line 452.

(/usr/local/texlive/2013/texmf-dist/tex/latex/latexconfig/epstopdf-sys.cfg
File: epstopdf-sys.cfg 2010/07/13 v1.3 Configuration of (r)epstopdf for TeX Liv
e
))
<abertay.png, id=1, 258.2448pt x 117.5592pt>
File: abertay.png Graphic file (type png)
 <use abertay.png>
Package pdftex.def Info: abertay.png used on input line 30.
(pdftex.def)             Requested size: 227.62204pt x 103.6228pt.
 [1


{/usr/local/texlive/2013/texmf-var/fonts/map/pdftex/updmap/pdftex.map} <./abert
ay.png>]
\openout2 = `dedication.aux'.


(./dedication.tex [2


])
\openout2 = `acknowledgements.aux'.

 (./acknowledgements.tex [3



])
\openout2 = `abstract.aux'.

 (./abstract.tex [4



])
(/Users/noktec/Documents/Abertay_Dundee_Work/Thesis/Dissertation/.texpadtmp/dis
sertationmain.toc
LaTeX Font Info:    Try loading font information for U+msa on input line 3.

(/usr/local/texlive/2013/texmf-dist/tex/latex/amsfonts/umsa.fd
File: umsa.fd 2013/01/14 v3.01 AMS symbols A
)
LaTeX Font Info:    Try loading font information for U+msb on input line 3.

(/usr/local/texlive/2013/texmf-dist/tex/latex/amsfonts/umsb.fd
File: umsb.fd 2013/01/14 v3.01 AMS symbols B
))
\tf@toc=\write3
\openout3 = `dissertationmain.toc'.

 [1



]
(/Users/noktec/Documents/Abertay_Dundee_Work/Thesis/Dissertation/.texpadtmp/dis
sertationmain.lof)
\tf@lof=\write4
\openout4 = `dissertationmain.lof'.

 [2

]
\openout2 = `chapter1.aux'.

 (./chapter1.tex
Chapter 1.
<./Figures/sampleFigureFlynn.pdf, id=29, 459.7175pt x 360.34625pt>
File: ./Figures/sampleFigureFlynn.pdf Graphic file (type pdf)

<use ./Figures/sampleFigureFlynn.pdf>
Package pdftex.def Info: ./Figures/sampleFigureFlynn.pdf used on input line 17.

(pdftex.def)             Requested size: 252.94499pt x 198.27351pt.
) [1



 <./Figures/sampleFigureFlynn.pdf>]
[2]
\openout2 = `conclusions.aux'.


No file conclusions.tex.
\openout2 = `appendix1.aux'.

(./appendix1.tex
Appendix A.
) [3





]
(/Users/noktec/Documents/Abertay_Dundee_Work/Thesis/Dissertation/.texpadtmp/dis
sertationmain.bbl) [4


]
(/Users/noktec/Documents/Abertay_Dundee_Work/Thesis/Dissertation/.texpadtmp/dis
sertationmain.aux
(/Users/noktec/Documents/Abertay_Dundee_Work/Thesis/Dissertation/.texpadtmp/ded
ication.aux)
(/Users/noktec/Documents/Abertay_Dundee_Work/Thesis/Dissertation/.texpadtmp/ack
nowledgements.aux)
(/Users/noktec/Documents/Abertay_Dundee_Work/Thesis/Dissertation/.texpadtmp/abs
tract.aux)
(/Users/noktec/Documents/Abertay_Dundee_Work/Thesis/Dissertation/.texpadtmp/cha
pter1.aux)
(/Users/noktec/Documents/Abertay_Dundee_Work/Thesis/Dissertation/.texpadtmp/con
clusions.aux)
(/Users/noktec/Documents/Abertay_Dundee_Work/Thesis/Dissertation/.texpadtmp/app
endix1.aux)) ) 
Here is how much of TeX's memory you used:
 2288 strings out of 493315
 33845 string characters out of 6137903
 87462 words of memory out of 5000000
 5670 multiletter control sequences out of 15000+600000
 12048 words of font info for 44 fonts, out of 8000000 for 9000
 957 hyphenation exceptions out of 8191
 38i,5n,26p,516b,251s stack positions out of 5000i,500n,10000p,200000b,80000s
</usr/local/texlive/2013/texmf-dist/fonts/type1/public/amsfonts/c
m/cmbx12.pfb></usr/local/texlive/2013/texmf-dist/fonts/type1/public/amsfonts/cm
/cmmi12.pfb></usr/local/texlive/2013/texmf-dist/fonts/type1/public/amsfonts/cm/
cmr12.pfb></usr/local/texlive/2013/texmf-dist/fonts/type1/public/amsfonts/cm/cm
r17.pfb></usr/local/texlive/2013/texmf-dist/fonts/type1/public/amsfonts/cm/cmti
10.pfb></usr/local/texlive/2013/texmf-dist/fonts/type1/public/amsfonts/cm/cmti1
2.pfb>
Output written on /Users/noktec/Documents/Abertay_Dundee_Work/Thesis/Dissertati
on/.texpadtmp/dissertationmain.pdf (10 pages, 147014 bytes).
PDF statistics:
 77 PDF objects out of 1000 (max. 8388607)
 52 compressed objects within 1 object stream
 0 named destinations out of 1000 (max. 500000)
 11 words of extra memory for PDF output out of 10000 (max. 10000000)

